2021-07-03T14:22:26,955 WARN  [main]: aseConfiguration$JpaWebConfiguration - spring.jpa.open-in-view is enabled by default. Therefore, database queries may be performed during view rendering. Explicitly configure spring.jpa.open-in-view to disable this warning 
2021-07-03T14:22:28,065 WARN  [SpringApplicationShutdownHook]: SqlExceptionHelper                   - SQL Error: 90121, SQLState: 90121 
2021-07-03T14:22:28,065 ERROR [SpringApplicationShutdownHook]: SqlExceptionHelper                   - Database is already closed (to disable automatic closing at VM shutdown, add ";DB_CLOSE_ON_EXIT=FALSE" to the db URL) [90121-200] 
2021-07-03T14:22:28,067 WARN  [SpringApplicationShutdownHook]: SqlExceptionHelper                   - SQL Error: 90121, SQLState: 90121 
2021-07-03T14:22:28,067 ERROR [SpringApplicationShutdownHook]: SqlExceptionHelper                   - Database is already closed (to disable automatic closing at VM shutdown, add ";DB_CLOSE_ON_EXIT=FALSE" to the db URL) [90121-200] 
2021-07-03T14:22:28,068 WARN  [SpringApplicationShutdownHook]: DisposableBeanAdapter                - Invocation of destroy method failed on bean with name 'entityManagerFactory': org.hibernate.exception.JDBCConnectionException: Unable to release JDBC Connection used for DDL execution 
2021-07-03T14:37:45,568 WARN  [main]: aseConfiguration$JpaWebConfiguration - spring.jpa.open-in-view is enabled by default. Therefore, database queries may be performed during view rendering. Explicitly configure spring.jpa.open-in-view to disable this warning 
2021-07-03T14:37:46,847 WARN  [SpringApplicationShutdownHook]: SqlExceptionHelper                   - SQL Error: 90121, SQLState: 90121 
2021-07-03T14:37:46,848 ERROR [SpringApplicationShutdownHook]: SqlExceptionHelper                   - Database is already closed (to disable automatic closing at VM shutdown, add ";DB_CLOSE_ON_EXIT=FALSE" to the db URL) [90121-200] 
2021-07-03T14:37:46,849 WARN  [SpringApplicationShutdownHook]: SqlExceptionHelper                   - SQL Error: 90121, SQLState: 90121 
2021-07-03T14:37:46,849 ERROR [SpringApplicationShutdownHook]: SqlExceptionHelper                   - Database is already closed (to disable automatic closing at VM shutdown, add ";DB_CLOSE_ON_EXIT=FALSE" to the db URL) [90121-200] 
2021-07-03T14:37:46,849 WARN  [SpringApplicationShutdownHook]: DisposableBeanAdapter                - Invocation of destroy method failed on bean with name 'entityManagerFactory': org.hibernate.exception.JDBCConnectionException: Unable to release JDBC Connection used for DDL execution 
2021-07-03T15:34:45,496 WARN  [main]: aseConfiguration$JpaWebConfiguration - spring.jpa.open-in-view is enabled by default. Therefore, database queries may be performed during view rendering. Explicitly configure spring.jpa.open-in-view to disable this warning 
2021-07-03T15:34:46,208 TRACE [scheduling-1]: TastingRoomService                   - Placing tasting room order... 
2021-07-03T15:34:46,301 TRACE [scheduling-1]: TastingRoomService                   - Too many or too few tasting room customers found 
2021-07-03T15:34:46,553 WARN  [SpringApplicationShutdownHook]: SqlExceptionHelper                   - SQL Error: 90121, SQLState: 90121 
2021-07-03T15:34:46,553 ERROR [SpringApplicationShutdownHook]: SqlExceptionHelper                   - Database is already closed (to disable automatic closing at VM shutdown, add ";DB_CLOSE_ON_EXIT=FALSE" to the db URL) [90121-200] 
2021-07-03T15:34:46,554 WARN  [SpringApplicationShutdownHook]: SqlExceptionHelper                   - SQL Error: 90121, SQLState: 90121 
2021-07-03T15:34:46,554 ERROR [SpringApplicationShutdownHook]: SqlExceptionHelper                   - Database is already closed (to disable automatic closing at VM shutdown, add ";DB_CLOSE_ON_EXIT=FALSE" to the db URL) [90121-200] 
2021-07-03T15:34:46,555 WARN  [SpringApplicationShutdownHook]: DisposableBeanAdapter                - Invocation of destroy method failed on bean with name 'entityManagerFactory': org.hibernate.exception.JDBCConnectionException: Unable to release JDBC Connection used for DDL execution 
2021-07-03T15:35:04,208 WARN  [restartedMain]: aseConfiguration$JpaWebConfiguration - spring.jpa.open-in-view is enabled by default. Therefore, database queries may be performed during view rendering. Explicitly configure spring.jpa.open-in-view to disable this warning 
2021-07-03T15:35:04,588 TRACE [scheduling-1]: TastingRoomService                   - Placing tasting room order... 
2021-07-03T15:35:04,634 TRACE [scheduling-1]: TastingRoomService                   - Too many or too few tasting room customers found 
2021-07-03T15:35:06,590 TRACE [scheduling-1]: TastingRoomService                   - Placing tasting room order... 
2021-07-03T15:35:06,608 TRACE [scheduling-1]: TastingRoomService                   - Placing order for Customer(super=BaseEntity(id=a88716d2-10b5-43f6-a560-22fe268f65ed, version=0, createdDate=2021-07-03 15:35:04.654, lastModifiedDate=2021-07-03 15:35:04.654), customerName=Tasting Room) 
2021-07-03T15:35:06,609 TRACE [scheduling-1]: TastingRoomService                   - UPC 0083783375213 
2021-07-03T15:35:06,610 TRACE [scheduling-1]: TastingRoomService                   - Beer order line BeerOrderLineDTO(super=sfmc.beerorders.web.model.BeerOrderLineDTO@958410e3, upc=0083783375213, beerName=null, beerId=null, orderQuantity=2) 
2021-07-03T15:35:06,615 TRACE [scheduling-1]: TastingRoomService                   - Beer to order BeerOrderDTO(super=sfmc.beerorders.web.model.BeerOrderDTO@2a7876b, customerId=a88716d2-10b5-43f6-a560-22fe268f65ed, customerRef=b00d4930-f975-413e-89e2-ec93da93695b, beerOrderLines=[BeerOrderLineDTO(super=sfmc.beerorders.web.model.BeerOrderLineDTO@958410e3, upc=0083783375213, beerName=null, beerId=null, orderQuantity=2)], orderStatus=null, orderStatusCallbackUrl=null) 
2021-07-03T15:35:06,631 TRACE [scheduling-1]: BeerOrderServiceImpl                 - Placing order from customer a88716d2-10b5-43f6-a560-22fe268f65ed, with value BeerOrderDTO(super=sfmc.beerorders.web.model.BeerOrderDTO@2a7876b, customerId=a88716d2-10b5-43f6-a560-22fe268f65ed, customerRef=b00d4930-f975-413e-89e2-ec93da93695b, beerOrderLines=[BeerOrderLineDTO(super=sfmc.beerorders.web.model.BeerOrderLineDTO@958410e3, upc=0083783375213, beerName=null, beerId=null, orderQuantity=2)], orderStatus=null, orderStatusCallbackUrl=null) 
2021-07-03T15:35:06,655 TRACE [scheduling-1]: BeerOrderServiceImpl                 - Saved Beer Order: 9a74cca8-7eba-4206-a5ae-ed3a836c8274 
2021-07-03T15:35:06,656 TRACE [scheduling-1]: TastingRoomService                   - Saved order BeerOrderDTO(super=sfmc.beerorders.web.model.BeerOrderDTO@3f1369d5, customerId=null, customerRef=b00d4930-f975-413e-89e2-ec93da93695b, beerOrderLines=[BeerOrderLineDTO(super=sfmc.beerorders.web.model.BeerOrderLineDTO@a480b497, upc=null, beerName=null, beerId=null, orderQuantity=2)], orderStatus=NEW, orderStatusCallbackUrl=null) 
2021-07-03T15:35:08,591 TRACE [scheduling-1]: TastingRoomService                   - Placing tasting room order... 
2021-07-03T15:35:08,594 TRACE [scheduling-1]: TastingRoomService                   - Placing order for Customer(super=BaseEntity(id=a88716d2-10b5-43f6-a560-22fe268f65ed, version=0, createdDate=2021-07-03 15:35:04.654, lastModifiedDate=2021-07-03 15:35:04.654), customerName=Tasting Room) 
2021-07-03T15:35:08,594 TRACE [scheduling-1]: TastingRoomService                   - UPC 0631234300019 
2021-07-03T15:35:08,594 TRACE [scheduling-1]: TastingRoomService                   - Beer order line BeerOrderLineDTO(super=sfmc.beerorders.web.model.BeerOrderLineDTO@d7c11cc4, upc=0631234300019, beerName=null, beerId=null, orderQuantity=2) 
2021-07-03T15:35:08,594 TRACE [scheduling-1]: TastingRoomService                   - Beer to order BeerOrderDTO(super=sfmc.beerorders.web.model.BeerOrderDTO@19e18176, customerId=a88716d2-10b5-43f6-a560-22fe268f65ed, customerRef=c20578dc-f945-4f8c-964d-b8afd2f0021a, beerOrderLines=[BeerOrderLineDTO(super=sfmc.beerorders.web.model.BeerOrderLineDTO@d7c11cc4, upc=0631234300019, beerName=null, beerId=null, orderQuantity=2)], orderStatus=null, orderStatusCallbackUrl=null) 
2021-07-03T15:35:08,595 TRACE [scheduling-1]: BeerOrderServiceImpl                 - Placing order from customer a88716d2-10b5-43f6-a560-22fe268f65ed, with value BeerOrderDTO(super=sfmc.beerorders.web.model.BeerOrderDTO@19e18176, customerId=a88716d2-10b5-43f6-a560-22fe268f65ed, customerRef=c20578dc-f945-4f8c-964d-b8afd2f0021a, beerOrderLines=[BeerOrderLineDTO(super=sfmc.beerorders.web.model.BeerOrderLineDTO@d7c11cc4, upc=0631234300019, beerName=null, beerId=null, orderQuantity=2)], orderStatus=null, orderStatusCallbackUrl=null) 
2021-07-03T15:35:08,596 TRACE [scheduling-1]: BeerOrderServiceImpl                 - Saved Beer Order: b456cf34-8d9a-4605-9d9f-96ebfb17a826 
2021-07-03T15:35:08,597 TRACE [scheduling-1]: TastingRoomService                   - Saved order BeerOrderDTO(super=sfmc.beerorders.web.model.BeerOrderDTO@348d8cb9, customerId=null, customerRef=c20578dc-f945-4f8c-964d-b8afd2f0021a, beerOrderLines=[BeerOrderLineDTO(super=sfmc.beerorders.web.model.BeerOrderLineDTO@71c9dbe2, upc=null, beerName=null, beerId=null, orderQuantity=2)], orderStatus=NEW, orderStatusCallbackUrl=null) 
2021-07-03T15:35:10,592 TRACE [scheduling-1]: TastingRoomService                   - Placing tasting room order... 
2021-07-03T15:35:10,594 TRACE [scheduling-1]: TastingRoomService                   - Placing order for Customer(super=BaseEntity(id=a88716d2-10b5-43f6-a560-22fe268f65ed, version=0, createdDate=2021-07-03 15:35:04.654, lastModifiedDate=2021-07-03 15:35:04.654), customerName=Tasting Room) 
2021-07-03T15:35:10,595 TRACE [scheduling-1]: TastingRoomService                   - UPC 0631234200036 
2021-07-03T15:35:10,595 TRACE [scheduling-1]: TastingRoomService                   - Beer order line BeerOrderLineDTO(super=sfmc.beerorders.web.model.BeerOrderLineDTO@e50c91d1, upc=0631234200036, beerName=null, beerId=null, orderQuantity=3) 
2021-07-03T15:35:10,595 TRACE [scheduling-1]: TastingRoomService                   - Beer to order BeerOrderDTO(super=sfmc.beerorders.web.model.BeerOrderDTO@6a8f2537, customerId=a88716d2-10b5-43f6-a560-22fe268f65ed, customerRef=e3fc46f1-6c7e-4a47-8f66-7020d77173f3, beerOrderLines=[BeerOrderLineDTO(super=sfmc.beerorders.web.model.BeerOrderLineDTO@e50c91d1, upc=0631234200036, beerName=null, beerId=null, orderQuantity=3)], orderStatus=null, orderStatusCallbackUrl=null) 
2021-07-03T15:35:10,595 TRACE [scheduling-1]: BeerOrderServiceImpl                 - Placing order from customer a88716d2-10b5-43f6-a560-22fe268f65ed, with value BeerOrderDTO(super=sfmc.beerorders.web.model.BeerOrderDTO@6a8f2537, customerId=a88716d2-10b5-43f6-a560-22fe268f65ed, customerRef=e3fc46f1-6c7e-4a47-8f66-7020d77173f3, beerOrderLines=[BeerOrderLineDTO(super=sfmc.beerorders.web.model.BeerOrderLineDTO@e50c91d1, upc=0631234200036, beerName=null, beerId=null, orderQuantity=3)], orderStatus=null, orderStatusCallbackUrl=null) 
2021-07-03T15:35:10,597 TRACE [scheduling-1]: BeerOrderServiceImpl                 - Saved Beer Order: 13008331-aaf2-4cc5-899e-001243086a54 
2021-07-03T15:35:10,598 TRACE [scheduling-1]: TastingRoomService                   - Saved order BeerOrderDTO(super=sfmc.beerorders.web.model.BeerOrderDTO@5a674bea, customerId=null, customerRef=e3fc46f1-6c7e-4a47-8f66-7020d77173f3, beerOrderLines=[BeerOrderLineDTO(super=sfmc.beerorders.web.model.BeerOrderLineDTO@6828f7b2, upc=null, beerName=null, beerId=null, orderQuantity=3)], orderStatus=NEW, orderStatusCallbackUrl=null) 
2021-07-03T15:35:12,593 TRACE [scheduling-1]: TastingRoomService                   - Placing tasting room order... 
2021-07-03T15:35:12,596 TRACE [scheduling-1]: TastingRoomService                   - Placing order for Customer(super=BaseEntity(id=a88716d2-10b5-43f6-a560-22fe268f65ed, version=0, createdDate=2021-07-03 15:35:04.654, lastModifiedDate=2021-07-03 15:35:04.654), customerName=Tasting Room) 
2021-07-03T15:35:12,596 TRACE [scheduling-1]: TastingRoomService                   - UPC 0083783375213 
2021-07-03T15:35:12,596 TRACE [scheduling-1]: TastingRoomService                   - Beer order line BeerOrderLineDTO(super=sfmc.beerorders.web.model.BeerOrderLineDTO@1ed58102, upc=0083783375213, beerName=null, beerId=null, orderQuantity=0) 
2021-07-03T15:35:12,597 TRACE [scheduling-1]: TastingRoomService                   - Beer to order BeerOrderDTO(super=sfmc.beerorders.web.model.BeerOrderDTO@e3d77f6d, customerId=a88716d2-10b5-43f6-a560-22fe268f65ed, customerRef=fd31ac37-e8f3-4fb1-9a22-6715b5dc4c3b, beerOrderLines=[BeerOrderLineDTO(super=sfmc.beerorders.web.model.BeerOrderLineDTO@1ed58102, upc=0083783375213, beerName=null, beerId=null, orderQuantity=0)], orderStatus=null, orderStatusCallbackUrl=null) 
2021-07-03T15:35:12,597 TRACE [scheduling-1]: BeerOrderServiceImpl                 - Placing order from customer a88716d2-10b5-43f6-a560-22fe268f65ed, with value BeerOrderDTO(super=sfmc.beerorders.web.model.BeerOrderDTO@e3d77f6d, customerId=a88716d2-10b5-43f6-a560-22fe268f65ed, customerRef=fd31ac37-e8f3-4fb1-9a22-6715b5dc4c3b, beerOrderLines=[BeerOrderLineDTO(super=sfmc.beerorders.web.model.BeerOrderLineDTO@1ed58102, upc=0083783375213, beerName=null, beerId=null, orderQuantity=0)], orderStatus=null, orderStatusCallbackUrl=null) 
2021-07-03T15:35:12,599 TRACE [scheduling-1]: BeerOrderServiceImpl                 - Saved Beer Order: 2d36104c-e52e-4a87-85ee-58da1a4111e3 
2021-07-03T15:35:12,599 TRACE [scheduling-1]: TastingRoomService                   - Saved order BeerOrderDTO(super=sfmc.beerorders.web.model.BeerOrderDTO@b8fca3fc, customerId=null, customerRef=fd31ac37-e8f3-4fb1-9a22-6715b5dc4c3b, beerOrderLines=[BeerOrderLineDTO(super=sfmc.beerorders.web.model.BeerOrderLineDTO@9c7a7d34, upc=null, beerName=null, beerId=null, orderQuantity=0)], orderStatus=NEW, orderStatusCallbackUrl=null) 
2021-07-03T15:38:32,153 WARN  [main]: aseConfiguration$JpaWebConfiguration - spring.jpa.open-in-view is enabled by default. Therefore, database queries may be performed during view rendering. Explicitly configure spring.jpa.open-in-view to disable this warning 
2021-07-03T15:38:33,244 WARN  [SpringApplicationShutdownHook]: SqlExceptionHelper                   - SQL Error: 90121, SQLState: 90121 
2021-07-03T15:38:33,244 ERROR [SpringApplicationShutdownHook]: SqlExceptionHelper                   - Database is already closed (to disable automatic closing at VM shutdown, add ";DB_CLOSE_ON_EXIT=FALSE" to the db URL) [90121-200] 
2021-07-03T15:38:33,245 WARN  [SpringApplicationShutdownHook]: SqlExceptionHelper                   - SQL Error: 90121, SQLState: 90121 
2021-07-03T15:38:33,245 ERROR [SpringApplicationShutdownHook]: SqlExceptionHelper                   - Database is already closed (to disable automatic closing at VM shutdown, add ";DB_CLOSE_ON_EXIT=FALSE" to the db URL) [90121-200] 
2021-07-03T15:38:33,245 WARN  [SpringApplicationShutdownHook]: DisposableBeanAdapter                - Invocation of destroy method failed on bean with name 'entityManagerFactory': org.hibernate.exception.JDBCConnectionException: Unable to release JDBC Connection used for DDL execution 
2021-07-03T15:38:48,316 WARN  [restartedMain]: aseConfiguration$JpaWebConfiguration - spring.jpa.open-in-view is enabled by default. Therefore, database queries may be performed during view rendering. Explicitly configure spring.jpa.open-in-view to disable this warning 
2021-07-03T15:38:50,691 TRACE [scheduling-1]: TastingRoomService                   - Placing tasting room order... 
2021-07-03T15:38:50,711 TRACE [scheduling-1]: TastingRoomService                   - Placing order for Customer(super=BaseEntity(id=2fcdfb3b-7310-4a95-bdc3-c88eb9051fdf, version=0, createdDate=2021-07-03 15:38:48.738, lastModifiedDate=2021-07-03 15:38:48.738), customerName=Tasting Room) 
2021-07-03T15:38:50,712 TRACE [scheduling-1]: TastingRoomService                   - UPC 0631234300019 
2021-07-03T15:38:50,713 TRACE [scheduling-1]: TastingRoomService                   - Beer order line BeerOrderLineDTO(super=BaseItem(id=null, version=null, createdDate=null, lastModifiedDate=null), upc=0631234300019, beerName=null, beerId=null, orderQuantity=0) 
2021-07-03T15:38:50,715 TRACE [scheduling-1]: TastingRoomService                   - Beer to order BeerOrderDTO(super=BaseItem(id=null, version=null, createdDate=null, lastModifiedDate=null), customerId=2fcdfb3b-7310-4a95-bdc3-c88eb9051fdf, customerRef=2c02bb03-0385-41ab-a0b1-1350fcf86300, beerOrderLines=[BeerOrderLineDTO(super=BaseItem(id=null, version=null, createdDate=null, lastModifiedDate=null), upc=0631234300019, beerName=null, beerId=null, orderQuantity=0)], orderStatus=null, orderStatusCallbackUrl=null) 
2021-07-03T15:38:50,721 TRACE [scheduling-1]: BeerOrderServiceImpl                 - Placing order from customer 2fcdfb3b-7310-4a95-bdc3-c88eb9051fdf, with value BeerOrderDTO(super=BaseItem(id=null, version=null, createdDate=null, lastModifiedDate=null), customerId=2fcdfb3b-7310-4a95-bdc3-c88eb9051fdf, customerRef=2c02bb03-0385-41ab-a0b1-1350fcf86300, beerOrderLines=[BeerOrderLineDTO(super=BaseItem(id=null, version=null, createdDate=null, lastModifiedDate=null), upc=0631234300019, beerName=null, beerId=null, orderQuantity=0)], orderStatus=null, orderStatusCallbackUrl=null) 
2021-07-03T15:38:50,731 TRACE [scheduling-1]: BeerOrderServiceImpl                 - Saved Beer Order: 8f131ca3-f994-4123-a25c-ffc85e0e9622 
2021-07-03T15:38:50,732 TRACE [scheduling-1]: TastingRoomService                   - Saved order BeerOrderDTO(super=BaseItem(id=8f131ca3-f994-4123-a25c-ffc85e0e9622, version=0, createdDate=2021-07-03T15:38:50.728Z, lastModifiedDate=2021-07-03T15:38:50.728Z), customerId=null, customerRef=2c02bb03-0385-41ab-a0b1-1350fcf86300, beerOrderLines=[BeerOrderLineDTO(super=BaseItem(id=128fca88-f015-4f4a-97eb-bb3a4bc8546c, version=0, createdDate=2021-07-03T15:38:50.728Z, lastModifiedDate=2021-07-03T15:38:50.728Z), upc=null, beerName=null, beerId=null, orderQuantity=0)], orderStatus=NEW, orderStatusCallbackUrl=null) 
2021-07-03T15:38:52,676 TRACE [scheduling-1]: TastingRoomService                   - Placing tasting room order... 
2021-07-03T15:38:52,682 TRACE [scheduling-1]: TastingRoomService                   - Placing order for Customer(super=BaseEntity(id=2fcdfb3b-7310-4a95-bdc3-c88eb9051fdf, version=0, createdDate=2021-07-03 15:38:48.738, lastModifiedDate=2021-07-03 15:38:48.738), customerName=Tasting Room) 
2021-07-03T15:38:52,682 TRACE [scheduling-1]: TastingRoomService                   - UPC 0631234200036 
2021-07-03T15:38:52,683 TRACE [scheduling-1]: TastingRoomService                   - Beer order line BeerOrderLineDTO(super=BaseItem(id=null, version=null, createdDate=null, lastModifiedDate=null), upc=0631234200036, beerName=null, beerId=null, orderQuantity=2) 
2021-07-03T15:38:52,683 TRACE [scheduling-1]: TastingRoomService                   - Beer to order BeerOrderDTO(super=BaseItem(id=null, version=null, createdDate=null, lastModifiedDate=null), customerId=2fcdfb3b-7310-4a95-bdc3-c88eb9051fdf, customerRef=2cd4d772-6e33-43f6-a541-812cb667c264, beerOrderLines=[BeerOrderLineDTO(super=BaseItem(id=null, version=null, createdDate=null, lastModifiedDate=null), upc=0631234200036, beerName=null, beerId=null, orderQuantity=2)], orderStatus=null, orderStatusCallbackUrl=null) 
2021-07-03T15:38:52,683 TRACE [scheduling-1]: BeerOrderServiceImpl                 - Placing order from customer 2fcdfb3b-7310-4a95-bdc3-c88eb9051fdf, with value BeerOrderDTO(super=BaseItem(id=null, version=null, createdDate=null, lastModifiedDate=null), customerId=2fcdfb3b-7310-4a95-bdc3-c88eb9051fdf, customerRef=2cd4d772-6e33-43f6-a541-812cb667c264, beerOrderLines=[BeerOrderLineDTO(super=BaseItem(id=null, version=null, createdDate=null, lastModifiedDate=null), upc=0631234200036, beerName=null, beerId=null, orderQuantity=2)], orderStatus=null, orderStatusCallbackUrl=null) 
2021-07-03T15:38:52,685 TRACE [scheduling-1]: BeerOrderServiceImpl                 - Saved Beer Order: 93769fca-ded2-4c7c-88d0-bc639ca99fe0 
2021-07-03T15:38:52,685 TRACE [scheduling-1]: TastingRoomService                   - Saved order BeerOrderDTO(super=BaseItem(id=93769fca-ded2-4c7c-88d0-bc639ca99fe0, version=0, createdDate=2021-07-03T15:38:52.684Z, lastModifiedDate=2021-07-03T15:38:52.684Z), customerId=null, customerRef=2cd4d772-6e33-43f6-a541-812cb667c264, beerOrderLines=[BeerOrderLineDTO(super=BaseItem(id=819e9be1-fe2a-4a0b-a2d7-47362aaa6759, version=0, createdDate=2021-07-03T15:38:52.684Z, lastModifiedDate=2021-07-03T15:38:52.684Z), upc=null, beerName=null, beerId=null, orderQuantity=2)], orderStatus=NEW, orderStatusCallbackUrl=null) 
